<?xml version="1.0" encoding="UTF-8"?>
<!-- Generated by org.testng.reporters.JUnitReportReporter -->
<testsuite hostname="ILIYAS-PC" failures="0" tests="1" name="AutomationPackage.BasePage" time="25.235" errors="0" timestamp="2022-09-12T19:33:32 IST" skipped="0">
  <testcase classname="AutomationPackage.BasePage" name="loginChrome" time="25.235"/>
  <system-out/>
</testsuite> <!-- AutomationPackage.BasePage -->
