<?xml version="1.0" encoding="UTF-8"?>
<!-- Generated by org.testng.reporters.JUnitReportReporter -->
<testsuite hostname="ILIYAS-PC" failures="0" tests="1" name="AutomationPackage.BasePage" time="15.037" errors="0" timestamp="2022-09-12T22:50:59 IST" skipped="0">
  <testcase classname="AutomationPackage.BasePage" name="loginChrome" time="15.037"/>
  <system-out/>
</testsuite> <!-- AutomationPackage.BasePage -->
